<?xml version="1.0" encoding="UTF-8"?>
<testng-results total="1" passed="1" failed="0" skipped="0">
  <reporter-output>
  </reporter-output>
  <suite started-at="2018-03-08T08:43:12Z" name="Suite" finished-at="2018-03-08T08:43:12Z" duration-ms="32">
    <groups>
    </groups>
    <test started-at="2018-03-08T08:43:12Z" name="Test" finished-at="2018-03-08T08:43:12Z" duration-ms="32">
      <class name="jen.NewTest">
        <test-method signature="xooxoo()[pri:0, instance:jen.NewTest@56528192]" started-at="2018-03-08T14:13:12Z" name="xooxoo" finished-at="2018-03-08T14:13:12Z" duration-ms="0" status="PASS">
          <reporter-output>
          </reporter-output>
        </test-method> <!-- xooxoo -->
      </class> <!-- jen.NewTest -->
    </test> <!-- Test -->
  </suite> <!-- Suite -->
</testng-results>
